Date              = Sun Nov 26 20:05:44 EST 2023
Hostname          = d-16-1-3
Working Directory = /home/gridsan/tmackey/cdvae
No Modulefiles Currently Loaded.
2023-11-26 20:05:45.242493: I tensorflow/core/util/util.cc:169] oneDNN custom operations are on. You may see slightly different numerical results due to floating-point round-off errors from different computation orders. To turn them off, set the environment variable `TF_ENABLE_ONEDNN_OPTS=0`.
2023-11-26 20:05:45.246767: W tensorflow/stream_executor/platform/default/dso_loader.cc:64] Could not load dynamic library 'libcudart.so.11.0'; dlerror: libcudart.so.11.0: cannot open shared object file: No such file or directory
2023-11-26 20:05:45.246803: I tensorflow/stream_executor/cuda/cudart_stub.cc:29] Ignore above cudart dlerror if you do not have a GPU set up on your machine.
2023-11-26 20:05:46.758713: W tensorflow/stream_executor/platform/default/dso_loader.cc:64] Could not load dynamic library 'libcuda.so.1'; dlerror: libcuda.so.1: cannot open shared object file: No such file or directory
2023-11-26 20:05:46.758773: W tensorflow/stream_executor/cuda/cuda_driver.cc:269] failed call to cuInit: UNKNOWN ERROR (303)
2023-11-26 20:05:46.758795: I tensorflow/stream_executor/cuda/cuda_diagnostics.cc:156] kernel driver does not appear to be running on this host (d-16-1-3): /proc/driver/nvidia/version does not exist
2023-11-26 20:05:46.759000: I tensorflow/core/platform/cpu_feature_guard.cc:193] This TensorFlow binary is optimized with oneAPI Deep Neural Network Library (oneDNN) to use the following CPU instructions in performance-critical operations:  AVX2 AVX512F AVX512_VNNI FMA
To enable them in other operations, rebuild TensorFlow with the appropriate compiler flags.
Model: "FCN"
_________________________________________________________________
 Layer (type)                Output Shape              Param #   
=================================================================
 input_1 (InputLayer)        [(None, 8192, 1)]         0         
                                                                 
 conv1d (Conv1D)             (None, 8192, 16)          64        
                                                                 
 max_pooling1d (MaxPooling1D  (None, 4096, 16)         0         
 )                                                               
                                                                 
 dropout (Dropout)           (None, 4096, 16)          0         
                                                                 
 conv1d_1 (Conv1D)           (None, 4096, 16)          784       
                                                                 
 max_pooling1d_1 (MaxPooling  (None, 2048, 16)         0         
 1D)                                                             
                                                                 
 dropout_1 (Dropout)         (None, 2048, 16)          0         
                                                                 
 conv1d_2 (Conv1D)           (None, 2048, 32)          1568      
                                                                 
 max_pooling1d_2 (MaxPooling  (None, 1024, 32)         0         
 1D)                                                             
                                                                 
 dropout_2 (Dropout)         (None, 1024, 32)          0         
                                                                 
 conv1d_3 (Conv1D)           (None, 1024, 32)          3104      
                                                                 
 max_pooling1d_3 (MaxPooling  (None, 512, 32)          0         
 1D)                                                             
                                                                 
 dropout_3 (Dropout)         (None, 512, 32)           0         
                                                                 
 conv1d_4 (Conv1D)           (None, 512, 64)           6208      
                                                                 
 max_pooling1d_4 (MaxPooling  (None, 256, 64)          0         
 1D)                                                             
                                                                 
 dropout_4 (Dropout)         (None, 256, 64)           0         
                                                                 
 conv1d_5 (Conv1D)           (None, 256, 64)           12352     
                                                                 
 max_pooling1d_5 (MaxPooling  (None, 128, 64)          0         
 1D)                                                             
                                                                 
 dropout_5 (Dropout)         (None, 128, 64)           0         
                                                                 
 conv1d_6 (Conv1D)           (None, 128, 128)          24704     
                                                                 
 max_pooling1d_6 (MaxPooling  (None, 64, 128)          0         
 1D)                                                             
                                                                 
 dropout_6 (Dropout)         (None, 64, 128)           0         
                                                                 
 conv1d_7 (Conv1D)           (None, 64, 128)           49280     
                                                                 
 max_pooling1d_7 (MaxPooling  (None, 32, 128)          0         
 1D)                                                             
                                                                 
 dropout_7 (Dropout)         (None, 32, 128)           0         
                                                                 
 conv1d_8 (Conv1D)           (None, 32, 256)           98560     
                                                                 
 max_pooling1d_8 (MaxPooling  (None, 16, 256)          0         
 1D)                                                             
                                                                 
 dropout_8 (Dropout)         (None, 16, 256)           0         
                                                                 
 conv1d_9 (Conv1D)           (None, 16, 256)           196864    
                                                                 
 max_pooling1d_9 (MaxPooling  (None, 8, 256)           0         
 1D)                                                             
                                                                 
 dropout_9 (Dropout)         (None, 8, 256)            0         
                                                                 
 conv1d_10 (Conv1D)          (None, 8, 512)            393728    
                                                                 
 max_pooling1d_10 (MaxPoolin  (None, 4, 512)           0         
 g1D)                                                            
                                                                 
 dropout_10 (Dropout)        (None, 4, 512)            0         
                                                                 
 conv1d_11 (Conv1D)          (None, 4, 512)            786944    
                                                                 
 max_pooling1d_11 (MaxPoolin  (None, 2, 512)           0         
 g1D)                                                            
                                                                 
 dropout_11 (Dropout)        (None, 2, 512)            0         
                                                                 
 conv1d_12 (Conv1D)          (None, 2, 64)             98368     
                                                                 
 max_pooling1d_12 (MaxPoolin  (None, 1, 64)            0         
 g1D)                                                            
                                                                 
 dropout_12 (Dropout)        (None, 1, 64)             0         
                                                                 
 conv1d_13 (Conv1D)          (None, 1, 7)              455       
                                                                 
 flatten (Flatten)           (None, 7)                 0         
                                                                 
 dense (Dense)               (None, 3)                 24        
                                                                 
=================================================================
Total params: 1,673,007
Trainable params: 1,673,007
Non-trainable params: 0
_________________________________________________________________
slurmstepd-d-16-1-3: error: *** JOB 24339266 ON d-16-1-3 CANCELLED AT 2023-11-26T20:05:53 ***
